[::1]:51249 GET /
[::1]:51249 GET /favicon.ico
[::1]:51249 GET /
[::1]:51249 GET /favicon.ico
[::1]:51249 GET /
[::1]:51249 GET /favicon.ico
[::1]:51249 GET /
[::1]:51249 GET /favicon.ico
[::1]:51249 GET /
[::1]:51249 GET /favicon.ico
[::1]:51249 GET /
[::1]:51249 GET /favicon.ico
[::1]:51249 GET /
[::1]:51249 GET /favicon.ico
[::1]:51249 GET /
[::1]:51249 GET /favicon.ico
[::1]:51249 GET /
[::1]:51249 GET /favicon.ico
[::1]:51249 GET /users
[::1]:51249 GET /favicon.ico
[::1]:53078 GET /users
[::1]:53078 GET /assets/favicon.ico
[::1]:53078 GET /users
[::1]:53078 GET /
[::1]:53078 GET /
[::1]:53078 GET /assets/favicon.ico
[::1]:53078 GET /
[::1]:53078 GET /assets/favicon.ico
[::1]:53078 GET /
[::1]:53078 GET /assets/favicon.ico
[::1]:53078 GET /
[::1]:53078 GET /assets/favicon.ico
[::1]:53078 GET /
[::1]:53078 GET /assets/favicon.ico
[::1]:53078 GET /
[::1]:53078 GET /assets/favicon.ico
[::1]:53078 GET /
[::1]:53078 GET /assets/favicon.ico
[::1]:53078 GET /
[::1]:53078 GET /assets/favicon.ico
[::1]:53078 GET /
[::1]:53078 GET /assets/favicon.ico
[::1]:53078 GET /
[::1]:53078 GET /assets/favicon.ico
[::1]:53078 GET /favicon.ico
[::1]:53417 GET /
[::1]:53417 GET /assets/css/bootstrap.min.css
[::1]:53417 GET /assets/favicon.ico
[::1]:53417 GET /
[::1]:53417 GET /assets/js/bootstrap.min.js
[::1]:53417 GET /assets/favicon.ico
[::1]:53417 GET /
[::1]:53417 GET /assets/favicon.ico
[::1]:53417 GET /
[::1]:53417 GET /assets/favicon.ico
